[debug] [2025-12-14T11:47:20.609Z] ----------------------------------------------------------------------
[debug] [2025-12-14T11:47:20.614Z] Command:       C:\Program Files\nodejs\node.exe C:\Program Files\nodejs\node_modules\firebase-tools\lib\bin\firebase.js deploy --only firestore:indexes --project projectmarkethub-db904
[debug] [2025-12-14T11:47:20.615Z] CLI Version:   14.22.0
[debug] [2025-12-14T11:47:20.615Z] Platform:      win32
[debug] [2025-12-14T11:47:20.615Z] Node Version:  v22.12.0
[debug] [2025-12-14T11:47:20.615Z] Time:          Sun Dec 14 2025 20:47:20 GMT+0900 (GMT+09:00)
[debug] [2025-12-14T11:47:20.615Z] ----------------------------------------------------------------------
[debug] 
[debug] [2025-12-14T11:47:20.618Z] >>> [apiv2][query] GET https://firebase-public.firebaseio.com/cli.json [none]
[debug] [2025-12-14T11:47:21.149Z] > command requires scopes: ["email","openid","https://www.googleapis.com/auth/cloudplatformprojects.readonly","https://www.googleapis.com/auth/firebase","https://www.googleapis.com/auth/cloud-platform"]
[debug] [2025-12-14T11:47:21.149Z] > authorizing via signed-in user (yamazarukyoto@gmail.com)
[debug] [2025-12-14T11:47:21.149Z] [iam] checking project projectmarkethub-db904 for permissions ["datastore.indexes.create","datastore.indexes.delete","datastore.indexes.list","datastore.indexes.update","firebase.projects.get"]
[debug] [2025-12-14T11:47:21.150Z] Checked if tokens are valid: false, expires at: 1765195053602
[debug] [2025-12-14T11:47:21.151Z] Checked if tokens are valid: false, expires at: 1765195053602
[debug] [2025-12-14T11:47:21.151Z] > refreshing access token with scopes: []
[debug] [2025-12-14T11:47:21.156Z] >>> [apiv2][query] POST https://www.googleapis.com/oauth2/v3/token [none]
[debug] [2025-12-14T11:47:21.156Z] >>> [apiv2][body] POST https://www.googleapis.com/oauth2/v3/token [omitted]
[debug] [2025-12-14T11:47:21.339Z] <<< [apiv2][status] POST https://www.googleapis.com/oauth2/v3/token 200
[debug] [2025-12-14T11:47:21.340Z] <<< [apiv2][body] POST https://www.googleapis.com/oauth2/v3/token [omitted]
[debug] [2025-12-14T11:47:21.409Z] >>> [apiv2][query] POST https://cloudresourcemanager.googleapis.com/v1/projects/projectmarkethub-db904:testIamPermissions [none]
[debug] [2025-12-14T11:47:21.409Z] >>> [apiv2][(partial)header] POST https://cloudresourcemanager.googleapis.com/v1/projects/projectmarkethub-db904:testIamPermissions x-goog-quota-user=projects/projectmarkethub-db904
[debug] [2025-12-14T11:47:21.410Z] >>> [apiv2][body] POST https://cloudresourcemanager.googleapis.com/v1/projects/projectmarkethub-db904:testIamPermissions {"permissions":["datastore.indexes.create","datastore.indexes.delete","datastore.indexes.list","datastore.indexes.update","firebase.projects.get"]}
[debug] [2025-12-14T11:47:21.484Z] <<< [apiv2][status] GET https://firebase-public.firebaseio.com/cli.json 200
[debug] [2025-12-14T11:47:21.484Z] <<< [apiv2][body] GET https://firebase-public.firebaseio.com/cli.json {"cloudBuildErrorAfter":1594252800000,"cloudBuildWarnAfter":1590019200000,"defaultNode10After":1594252800000,"minVersion":"3.0.5","node8DeploysDisabledAfter":1613390400000,"node8RuntimeDisabledAfter":1615809600000,"node8WarnAfter":1600128000000}
[debug] [2025-12-14T11:47:22.173Z] <<< [apiv2][status] POST https://cloudresourcemanager.googleapis.com/v1/projects/projectmarkethub-db904:testIamPermissions 200
[debug] [2025-12-14T11:47:22.173Z] <<< [apiv2][body] POST https://cloudresourcemanager.googleapis.com/v1/projects/projectmarkethub-db904:testIamPermissions {"permissions":["datastore.indexes.create","datastore.indexes.delete","datastore.indexes.list","datastore.indexes.update","firebase.projects.get"]}
[info] 
[info] === Deploying to 'projectmarkethub-db904'...
[info] 
[info] i  deploying firestore 
[info] i  firestore: ensuring required API firestore.googleapis.com is enabled... 
[info] i  firestore: ensuring required API firestore.googleapis.com is enabled... 
[debug] [2025-12-14T11:47:22.181Z] Checked if tokens are valid: true, expires at: 1765716440340
[debug] [2025-12-14T11:47:22.181Z] Checked if tokens are valid: true, expires at: 1765716440340
[debug] [2025-12-14T11:47:22.181Z] >>> [apiv2][query] GET https://firestore.googleapis.com/v1/projects/projectmarkethub-db904/databases/(default) [none]
[debug] [2025-12-14T11:47:23.163Z] <<< [apiv2][status] GET https://firestore.googleapis.com/v1/projects/projectmarkethub-db904/databases/(default) 200
[debug] [2025-12-14T11:47:23.163Z] <<< [apiv2][body] GET https://firestore.googleapis.com/v1/projects/projectmarkethub-db904/databases/(default) {"name":"projects/projectmarkethub-db904/databases/(default)","uid":"78eb4ca0-7bbf-4e6b-a9ca-c6a0bfad4ab4","createTime":"2025-10-25T09:41:48.708456Z","updateTime":"2025-10-25T09:41:48.708456Z","locationId":"nam5","type":"FIRESTORE_NATIVE","concurrencyMode":"PESSIMISTIC","versionRetentionPeriod":"3600s","earliestVersionTime":"2025-12-14T10:47:21.965199Z","appEngineIntegrationMode":"DISABLED","keyPrefix":"s","pointInTimeRecoveryEnablement":"POINT_IN_TIME_RECOVERY_DISABLED","deleteProtectionState":"DELETE_PROTECTION_DISABLED","databaseEdition":"STANDARD","freeTier":true,"realtimeUpdatesMode":"REALTIME_UPDATES_MODE_ENABLED","etag":"IJL44fWAvZEDMIq5zuWHv5AD"}
[info] i  firestore: reading indexes from firestore.indexes.json... 
[info] i  cloud.firestore: checking firestore.rules for compilation errors... 
[debug] [2025-12-14T11:47:23.165Z] Checked if tokens are valid: true, expires at: 1765716440340
[debug] [2025-12-14T11:47:23.165Z] Checked if tokens are valid: true, expires at: 1765716440340
[debug] [2025-12-14T11:47:23.165Z] >>> [apiv2][query] POST https://firebaserules.googleapis.com/v1/projects/projectmarkethub-db904:test [none]
[debug] [2025-12-14T11:47:23.165Z] >>> [apiv2][body] POST https://firebaserules.googleapis.com/v1/projects/projectmarkethub-db904:test [omitted]
[debug] [2025-12-14T11:47:24.282Z] <<< [apiv2][status] POST https://firebaserules.googleapis.com/v1/projects/projectmarkethub-db904:test 200
[debug] [2025-12-14T11:47:24.282Z] <<< [apiv2][body] POST https://firebaserules.googleapis.com/v1/projects/projectmarkethub-db904:test {}
[info] +  cloud.firestore: rules file firestore.rules compiled successfully 
[info] i  firestore: deploying indexes... 
[debug] [2025-12-14T11:47:24.285Z] Checked if tokens are valid: true, expires at: 1765716440340
[debug] [2025-12-14T11:47:24.285Z] Checked if tokens are valid: true, expires at: 1765716440340
[debug] [2025-12-14T11:47:24.285Z] >>> [apiv2][query] GET https://firestore.googleapis.com/v1/projects/projectmarkethub-db904/databases/(default)/collectionGroups/-/indexes [none]
[debug] [2025-12-14T11:47:24.482Z] <<< [apiv2][status] GET https://firestore.googleapis.com/v1/projects/projectmarkethub-db904/databases/(default)/collectionGroups/-/indexes 200
[debug] [2025-12-14T11:47:24.482Z] <<< [apiv2][body] GET https://firestore.googleapis.com/v1/projects/projectmarkethub-db904/databases/(default)/collectionGroups/-/indexes {"indexes":[{"name":"projects/projectmarkethub-db904/databases/(default)/collectionGroups/jobs/indexes/CICAgNiav4AK","queryScope":"COLLECTION","fields":[{"fieldPath":"status","order":"ASCENDING"},{"fieldPath":"category","order":"ASCENDING"},{"fieldPath":"created_at","order":"DESCENDING"},{"fieldPath":"__name__","order":"DESCENDING"}],"state":"READY","density":"SPARSE_ALL"},{"name":"projects/projectmarkethub-db904/databases/(default)/collectionGroups/contracts/indexes/CICAgJim14AK","queryScope":"COLLECTION","fields":[{"fieldPath":"client_id","order":"ASCENDING"},{"fieldPath":"status","order":"ASCENDING"},{"fieldPath":"created_at","order":"DESCENDING"},{"fieldPath":"__name__","order":"DESCENDING"}],"state":"READY","density":"SPARSE_ALL"},{"name":"projects/projectmarkethub-db904/databases/(default)/collectionGroups/contracts/indexes/CICAgLjy8IAK","queryScope":"COLLECTION","fields":[{"fieldPath":"workerId","order":"ASCENDING"},{"fieldPath":"createdAt","order":"DESCENDING"},{"fieldPath":"__name__","order":"DESCENDING"}],"state":"READY","density":"SPARSE_ALL"},{"name":"projects/projectmarkethub-db904/databases/(default)/collectionGroups/jobs/indexes/CICAgOjXh4EK","queryScope":"COLLECTION","fields":[{"fieldPath":"status","order":"ASCENDING"},{"fieldPath":"created_at","order":"DESCENDING"},{"fieldPath":"__name__","order":"DESCENDING"}],"state":"READY","density":"SPARSE_ALL"},{"name":"projects/projectmarkethub-db904/databases/(default)/collectionGroups/notifications/indexes/CICAgNiroIEK","queryScope":"COLLECTION","fields":[{"fieldPath":"userId","order":"ASCENDING"},{"fieldPath":"createdAt","order":"DESCENDING"},{"fieldPath":"__name__","order":"DESCENDING"}],"state":"READY","density":"SPARSE_ALL"},{"name":"projects/projectmarkethub-db904/databases/(default)/collectionGroups/messages/indexes/CICAgJj7z4EK","queryScope":"COLLECTION","fields":[{"fieldPath":"conversation_id","order":"ASCENDING"},{"fieldPath":"created_at","order":"ASCENDING"},{"fieldPath":"__name__","order":"ASCENDING"}],"state":"READY","density":"SPARSE_ALL"},{"name":"projects/projectmarkethub-db904/databases/(default)/collectionGroups/jobs/indexes/CICAgNjpgYIK","queryScope":"COLLECTION","fields":[{"fieldPath":"status","order":"ASCENDING"},{"fieldPath":"job_format","order":"ASCENDING"},{"fieldPath":"created_at","order":"DESCENDING"},{"fieldPath":"__name__","order":"DESCENDING"}],"state":"READY","density":"SPARSE_ALL"},{"name":"projects/projectmarkethub-db904/databases/(default)/collectionGroups/contracts/indexes/CICAgJjF9oIK","queryScope":"COLLECTION","fields":[{"fieldPath":"worker_id","order":"ASCENDING"},{"fieldPath":"status","order":"ASCENDING"},{"fieldPath":"created_at","order":"DESCENDING"},{"fieldPath":"__name__","order":"DESCENDING"}],"state":"READY","density":"SPARSE_ALL"},{"name":"projects/projectmarkethub-db904/databases/(default)/collectionGroups/jobs/indexes/CICAgLiIkYMK","queryScope":"COLLECTION","fields":[{"fieldPath":"clientId","order":"ASCENDING"},{"fieldPath":"createdAt","order":"DESCENDING"},{"fieldPath":"__name__","order":"DESCENDING"}],"state":"READY","density":"SPARSE_ALL"},{"name":"projects/projectmarkethub-db904/databases/(default)/collectionGroups/jobs/indexes/CICAgJiUpoMK","queryScope":"COLLECTION","fields":[{"fieldPath":"category","order":"ASCENDING"},{"fieldPath":"created_at","order":"DESCENDING"},{"fieldPath":"__name__","order":"DESCENDING"}],"state":"READY","density":"SPARSE_ALL"},{"name":"projects/projectmarkethub-db904/databases/(default)/collectionGroups/notifications/indexes/CICAgNi47oMK","queryScope":"COLLECTION","fields":[{"fieldPath":"user_id","order":"ASCENDING"},{"fieldPath":"is_read","order":"ASCENDING"},{"fieldPath":"created_at","order":"DESCENDING"},{"fieldPath":"__name__","order":"DESCENDING"}],"state":"READY","density":"SPARSE_ALL"},{"name":"projects/projectmarkethub-db904/databases/(default)/collectionGroups/users/indexes/CICAgJiHgokK","queryScope":"COLLECTION","fields":[{"fieldPath":"userType","order":"ASCENDING"},{"fieldPath":"createdAt","order":"DESCENDING"},{"fieldPath":"__name__","order":"DESCENDING"}],"state":"READY","density":"SPARSE_ALL"},{"name":"projects/projectmarkethub-db904/databases/(default)/collectionGroups/proposals/indexes/CICAgNirtJAK","queryScope":"COLLECTION","fields":[{"fieldPath":"jobId","order":"ASCENDING"},{"fieldPath":"createdAt","order":"DESCENDING"},{"fieldPath":"__name__","order":"DESCENDING"}],"state":"READY","density":"SPARSE_ALL"},{"name":"projects/projectmarkethub-db904/databases/(default)/collectionGroups/contracts/indexes/CICAgJiH2JAK","queryScope":"COLLECTION","fields":[{"fieldPath":"clientId","order":"ASCENDING"},{"fieldPath":"createdAt","order":"DESCENDING"},{"fieldPath":"__name__","order":"DESCENDING"}],"state":"READY","density":"SPARSE_ALL"},{"name":"projects/projectmarkethub-db904/databases/(default)/collectionGroups/jobs/indexes/CICAgNjaxJEK","queryScope":"COLLECTION","fields":[{"fieldPath":"category","order":"ASCENDING"},{"fieldPath":"createdAt","order":"DESCENDING"},{"fieldPath":"__name__","order":"DESCENDING"}],"state":"READY","density":"SPARSE_ALL"},{"name":"projects/projectmarkethub-db904/databases/(default)/collectionGroups/task_submissions/indexes/CICAgNjp5ZMK","queryScope":"COLLECTION","fields":[{"fieldPath":"jobId","order":"ASCENDING"},{"fieldPath":"submittedAt","order":"DESCENDING"},{"fieldPath":"__name__","order":"DESCENDING"}],"state":"READY","density":"SPARSE_ALL"}]}
[debug] [2025-12-14T11:47:24.482Z] Checked if tokens are valid: true, expires at: 1765716440340
[debug] [2025-12-14T11:47:24.482Z] Checked if tokens are valid: true, expires at: 1765716440340
[debug] [2025-12-14T11:47:24.483Z] >>> [apiv2][query] GET https://firestore.googleapis.com/v1/projects/projectmarkethub-db904/databases/(default)/collectionGroups/-/fields?filter=indexConfig.usesAncestorConfig=false OR ttlConfig:* [none]
[debug] [2025-12-14T11:47:24.666Z] <<< [apiv2][status] GET https://firestore.googleapis.com/v1/projects/projectmarkethub-db904/databases/(default)/collectionGroups/-/fields?filter=indexConfig.usesAncestorConfig=false OR ttlConfig:* 200
[debug] [2025-12-14T11:47:24.666Z] <<< [apiv2][body] GET https://firestore.googleapis.com/v1/projects/projectmarkethub-db904/databases/(default)/collectionGroups/-/fields?filter=indexConfig.usesAncestorConfig=false OR ttlConfig:* {"fields":[{"name":"projects/projectmarkethub-db904/databases/(default)/collectionGroups/__default__/fields/*","indexConfig":{"indexes":[{"queryScope":"COLLECTION","fields":[{"fieldPath":"*","order":"ASCENDING"}],"state":"READY"},{"queryScope":"COLLECTION","fields":[{"fieldPath":"*","order":"DESCENDING"}],"state":"READY"},{"queryScope":"COLLECTION","fields":[{"fieldPath":"*","arrayConfig":"CONTAINS"}],"state":"READY"}]}}]}
[debug] [2025-12-14T11:47:24.666Z] Checked if tokens are valid: true, expires at: 1765716440340
[debug] [2025-12-14T11:47:24.666Z] Checked if tokens are valid: true, expires at: 1765716440340
[debug] [2025-12-14T11:47:24.666Z] >>> [apiv2][query] GET https://firestore.googleapis.com/v1/projects/projectmarkethub-db904/databases/(default) [none]
[debug] [2025-12-14T11:47:24.831Z] <<< [apiv2][status] GET https://firestore.googleapis.com/v1/projects/projectmarkethub-db904/databases/(default) 200
[debug] [2025-12-14T11:47:24.831Z] <<< [apiv2][body] GET https://firestore.googleapis.com/v1/projects/projectmarkethub-db904/databases/(default) {"name":"projects/projectmarkethub-db904/databases/(default)","uid":"78eb4ca0-7bbf-4e6b-a9ca-c6a0bfad4ab4","createTime":"2025-10-25T09:41:48.708456Z","updateTime":"2025-10-25T09:41:48.708456Z","locationId":"nam5","type":"FIRESTORE_NATIVE","concurrencyMode":"PESSIMISTIC","versionRetentionPeriod":"3600s","earliestVersionTime":"2025-12-14T10:47:23.632742Z","appEngineIntegrationMode":"DISABLED","keyPrefix":"s","pointInTimeRecoveryEnablement":"POINT_IN_TIME_RECOVERY_DISABLED","deleteProtectionState":"DELETE_PROTECTION_DISABLED","databaseEdition":"STANDARD","freeTier":true,"realtimeUpdatesMode":"REALTIME_UPDATES_MODE_ENABLED","etag":"IPbcx/aAvZEDMIq5zuWHv5AD"}
[info] i  firestore: The following indexes are defined in your project but are not present in your firestore indexes file:
	(jobs) -- (status,ASCENDING) (category,ASCENDING) (created_at,DESCENDING)  -- Density:SPARSE_ALL 
	(contracts) -- (client_id,ASCENDING) (status,ASCENDING) (created_at,DESCENDING)  -- Density:SPARSE_ALL 
	(jobs) -- (status,ASCENDING) (created_at,DESCENDING)  -- Density:SPARSE_ALL 
	(messages) -- (conversation_id,ASCENDING) (created_at,ASCENDING)  -- Density:SPARSE_ALL 
	(jobs) -- (status,ASCENDING) (job_format,ASCENDING) (created_at,DESCENDING)  -- Density:SPARSE_ALL 
	(contracts) -- (worker_id,ASCENDING) (status,ASCENDING) (created_at,DESCENDING)  -- Density:SPARSE_ALL 
	(jobs) -- (category,ASCENDING) (created_at,DESCENDING)  -- Density:SPARSE_ALL 
	(notifications) -- (user_id,ASCENDING) (is_read,ASCENDING) (created_at,DESCENDING)  -- Density:SPARSE_ALL  
